2021-08-29 08:08:21,846 INFO org.springframework.boot.StartupInfoLogger [restartedMain] Starting BtApplication using Java 1.8.0_292 on hostbooks-Latitude-E7450 with PID 11012 (/home/hostbooks/Storage/Personal/bt-java/target/classes started by hostbooks in /home/hostbooks/Storage/Personal/bt-java)
2021-08-29 08:08:21,858 INFO org.springframework.boot.SpringApplication [restartedMain] No active profile set, falling back to default profiles: default
2021-08-29 08:08:22,033 INFO org.springframework.boot.logging.DeferredLog [restartedMain] Devtools property defaults active! Set 'spring.devtools.add-properties' to 'false' to disable
2021-08-29 08:08:22,034 INFO org.springframework.boot.logging.DeferredLog [restartedMain] For additional web related logging consider setting the 'logging.level.web' property to 'DEBUG'
2021-08-29 08:08:23,373 INFO org.springframework.data.repository.config.RepositoryConfigurationDelegate [restartedMain] Bootstrapping Spring Data JPA repositories in DEFAULT mode.
2021-08-29 08:08:23,395 INFO org.springframework.data.repository.config.RepositoryConfigurationDelegate [restartedMain] Finished Spring Data repository scanning in 8 ms. Found 0 JPA repository interfaces.
2021-08-29 08:08:24,328 INFO org.springframework.boot.web.embedded.tomcat.TomcatWebServer [restartedMain] Tomcat initialized with port(s): 8080 (http)
2021-08-29 08:08:24,343 INFO org.apache.juli.logging.DirectJDKLog [restartedMain] Initializing ProtocolHandler ["http-nio-8080"]
2021-08-29 08:08:24,344 INFO org.apache.juli.logging.DirectJDKLog [restartedMain] Starting service [Tomcat]
2021-08-29 08:08:24,345 INFO org.apache.juli.logging.DirectJDKLog [restartedMain] Starting Servlet engine: [Apache Tomcat/9.0.46]
2021-08-29 08:08:24,485 INFO org.apache.juli.logging.DirectJDKLog [restartedMain] Initializing Spring embedded WebApplicationContext
2021-08-29 08:08:24,486 INFO org.springframework.boot.web.servlet.context.ServletWebServerApplicationContext [restartedMain] Root WebApplicationContext: initialization completed in 2449 ms
2021-08-29 08:08:24,935 INFO com.zaxxer.hikari.HikariDataSource [restartedMain] HikariPool-1 - Starting...
2021-08-29 08:08:25,394 INFO com.zaxxer.hikari.HikariDataSource [restartedMain] HikariPool-1 - Start completed.
2021-08-29 08:08:25,571 INFO org.hibernate.jpa.internal.util.LogHelper [restartedMain] HHH000204: Processing PersistenceUnitInfo [name: default]
2021-08-29 08:08:25,683 INFO org.hibernate.Version [restartedMain] HHH000412: Hibernate ORM core version 5.4.32.Final
2021-08-29 08:08:25,971 INFO org.hibernate.annotations.common.reflection.java.JavaReflectionManager [restartedMain] HCANN000001: Hibernate Commons Annotations {5.1.2.Final}
2021-08-29 08:08:26,128 INFO org.hibernate.dialect.Dialect [restartedMain] HHH000400: Using dialect: org.hibernate.dialect.MySQLDialect
2021-08-29 08:08:26,436 INFO org.hibernate.engine.transaction.jta.platform.internal.JtaPlatformInitiator [restartedMain] HHH000490: Using JtaPlatform implementation: [org.hibernate.engine.transaction.jta.platform.internal.NoJtaPlatform]
2021-08-29 08:08:26,455 INFO org.springframework.orm.jpa.AbstractEntityManagerFactoryBean [restartedMain] Initialized JPA EntityManagerFactory for persistence unit 'default'
2021-08-29 08:08:26,644 WARN org.springframework.boot.autoconfigure.orm.jpa.JpaBaseConfiguration$JpaWebConfiguration [restartedMain] spring.jpa.open-in-view is enabled by default. Therefore, database queries may be performed during view rendering. Explicitly configure spring.jpa.open-in-view to disable this warning
2021-08-29 08:08:27,292 INFO org.springframework.boot.autoconfigure.security.servlet.UserDetailsServiceAutoConfiguration [restartedMain] 

Using generated security password: a8c36806-ac56-47dc-9b1b-a8f4791318d6

2021-08-29 08:08:27,460 INFO org.springframework.boot.actuate.endpoint.web.EndpointLinksResolver [restartedMain] Exposing 1 endpoint(s) beneath base path '/actuator'
2021-08-29 08:08:27,485 INFO org.springframework.security.web.DefaultSecurityFilterChain [restartedMain] Will secure any request with [org.springframework.security.web.context.request.async.WebAsyncManagerIntegrationFilter@7256345, org.springframework.security.web.context.SecurityContextPersistenceFilter@12d2e08d, org.springframework.security.web.header.HeaderWriterFilter@4269ac42, org.springframework.web.filter.CorsFilter@8467594, org.springframework.security.web.csrf.CsrfFilter@72443077, org.springframework.security.web.authentication.logout.LogoutFilter@7b878a8f, org.springframework.security.web.authentication.UsernamePasswordAuthenticationFilter@116637a3, org.springframework.security.web.authentication.ui.DefaultLoginPageGeneratingFilter@21994b9c, org.springframework.security.web.authentication.ui.DefaultLogoutPageGeneratingFilter@2a19b563, org.springframework.security.web.authentication.www.BasicAuthenticationFilter@7bdb24c3, org.springframework.security.web.savedrequest.RequestCacheAwareFilter@62d01503, org.springframework.security.web.servletapi.SecurityContextHolderAwareRequestFilter@dcb2d3d, org.springframework.security.web.authentication.AnonymousAuthenticationFilter@4a2b4a79, org.springframework.security.web.session.SessionManagementFilter@3c2078c0, org.springframework.security.web.access.ExceptionTranslationFilter@7511f542, org.springframework.security.web.access.intercept.FilterSecurityInterceptor@3c99050d]
2021-08-29 08:08:27,648 INFO org.springframework.boot.devtools.autoconfigure.OptionalLiveReloadServer [restartedMain] LiveReload server is running on port 35729
2021-08-29 08:08:27,687 INFO org.apache.juli.logging.DirectJDKLog [restartedMain] Starting ProtocolHandler ["http-nio-8080"]
2021-08-29 08:08:27,747 INFO org.springframework.boot.web.embedded.tomcat.TomcatWebServer [restartedMain] Tomcat started on port(s): 8080 (http) with context path ''
2021-08-29 08:08:27,772 INFO org.springframework.boot.StartupInfoLogger [restartedMain] Started BtApplication in 6.957 seconds (JVM running for 7.891)
2021-08-29 08:11:13,712 INFO org.springframework.orm.jpa.AbstractEntityManagerFactoryBean [SpringApplicationShutdownHook] Closing JPA EntityManagerFactory for persistence unit 'default'
2021-08-29 08:11:13,740 INFO com.zaxxer.hikari.HikariDataSource [SpringApplicationShutdownHook] HikariPool-1 - Shutdown initiated...
2021-08-29 08:11:13,788 INFO com.zaxxer.hikari.HikariDataSource [SpringApplicationShutdownHook] HikariPool-1 - Shutdown completed.
2021-08-29 08:25:14,595 INFO org.springframework.boot.StartupInfoLogger [restartedMain] Starting BtApplication using Java 1.8.0_292 on hostbooks-Latitude-E7450 with PID 13511 (/home/hostbooks/Storage/Personal/bt-java/target/classes started by hostbooks in /home/hostbooks/Storage/Personal/bt-java)
2021-08-29 08:25:14,599 INFO org.springframework.boot.SpringApplication [restartedMain] No active profile set, falling back to default profiles: default
2021-08-29 08:25:14,742 INFO org.springframework.boot.logging.DeferredLog [restartedMain] Devtools property defaults active! Set 'spring.devtools.add-properties' to 'false' to disable
2021-08-29 08:25:14,743 INFO org.springframework.boot.logging.DeferredLog [restartedMain] For additional web related logging consider setting the 'logging.level.web' property to 'DEBUG'
2021-08-29 08:25:16,032 INFO org.springframework.data.repository.config.RepositoryConfigurationDelegate [restartedMain] Bootstrapping Spring Data JPA repositories in DEFAULT mode.
2021-08-29 08:25:16,067 INFO org.springframework.data.repository.config.RepositoryConfigurationDelegate [restartedMain] Finished Spring Data repository scanning in 8 ms. Found 0 JPA repository interfaces.
2021-08-29 08:25:16,969 INFO org.springframework.boot.web.embedded.tomcat.TomcatWebServer [restartedMain] Tomcat initialized with port(s): 8080 (http)
2021-08-29 08:25:16,985 INFO org.apache.juli.logging.DirectJDKLog [restartedMain] Initializing ProtocolHandler ["http-nio-8080"]
2021-08-29 08:25:16,986 INFO org.apache.juli.logging.DirectJDKLog [restartedMain] Starting service [Tomcat]
2021-08-29 08:25:16,987 INFO org.apache.juli.logging.DirectJDKLog [restartedMain] Starting Servlet engine: [Apache Tomcat/9.0.46]
2021-08-29 08:25:17,067 INFO org.apache.juli.logging.DirectJDKLog [restartedMain] Initializing Spring embedded WebApplicationContext
2021-08-29 08:25:17,067 INFO org.springframework.boot.web.servlet.context.ServletWebServerApplicationContext [restartedMain] Root WebApplicationContext: initialization completed in 2323 ms
2021-08-29 08:25:17,500 INFO com.zaxxer.hikari.HikariDataSource [restartedMain] HikariPool-1 - Starting...
2021-08-29 08:25:17,956 INFO com.zaxxer.hikari.HikariDataSource [restartedMain] HikariPool-1 - Start completed.
2021-08-29 08:25:18,136 INFO org.hibernate.jpa.internal.util.LogHelper [restartedMain] HHH000204: Processing PersistenceUnitInfo [name: default]
2021-08-29 08:25:18,226 INFO org.hibernate.Version [restartedMain] HHH000412: Hibernate ORM core version 5.4.32.Final
2021-08-29 08:25:18,416 INFO org.hibernate.annotations.common.reflection.java.JavaReflectionManager [restartedMain] HCANN000001: Hibernate Commons Annotations {5.1.2.Final}
2021-08-29 08:25:18,569 INFO org.hibernate.dialect.Dialect [restartedMain] HHH000400: Using dialect: org.hibernate.dialect.MySQLDialect
2021-08-29 08:25:18,830 INFO org.hibernate.engine.transaction.jta.platform.internal.JtaPlatformInitiator [restartedMain] HHH000490: Using JtaPlatform implementation: [org.hibernate.engine.transaction.jta.platform.internal.NoJtaPlatform]
2021-08-29 08:25:18,842 INFO org.springframework.orm.jpa.AbstractEntityManagerFactoryBean [restartedMain] Initialized JPA EntityManagerFactory for persistence unit 'default'
2021-08-29 08:25:18,973 WARN org.springframework.boot.autoconfigure.orm.jpa.JpaBaseConfiguration$JpaWebConfiguration [restartedMain] spring.jpa.open-in-view is enabled by default. Therefore, database queries may be performed during view rendering. Explicitly configure spring.jpa.open-in-view to disable this warning
2021-08-29 08:25:19,520 INFO org.springframework.boot.autoconfigure.security.servlet.UserDetailsServiceAutoConfiguration [restartedMain] 

Using generated security password: 8867525a-a094-4459-96f0-5570cd3a1483

2021-08-29 08:25:19,675 INFO org.springframework.boot.actuate.endpoint.web.EndpointLinksResolver [restartedMain] Exposing 1 endpoint(s) beneath base path '/actuator'
2021-08-29 08:25:19,697 INFO org.springframework.security.web.DefaultSecurityFilterChain [restartedMain] Will secure any request with [org.springframework.security.web.context.request.async.WebAsyncManagerIntegrationFilter@4305ca1d, org.springframework.security.web.context.SecurityContextPersistenceFilter@2c870fcf, org.springframework.security.web.header.HeaderWriterFilter@52a7272c, org.springframework.web.filter.CorsFilter@5edae2ca, org.springframework.security.web.csrf.CsrfFilter@5036ee80, org.springframework.security.web.authentication.logout.LogoutFilter@33ebf4cc, org.springframework.security.web.authentication.UsernamePasswordAuthenticationFilter@20c618c7, org.springframework.security.web.authentication.ui.DefaultLoginPageGeneratingFilter@6c54a07b, org.springframework.security.web.authentication.ui.DefaultLogoutPageGeneratingFilter@12a70e2c, org.springframework.security.web.authentication.www.BasicAuthenticationFilter@5cc20e6b, org.springframework.security.web.savedrequest.RequestCacheAwareFilter@2385dc31, org.springframework.security.web.servletapi.SecurityContextHolderAwareRequestFilter@23a2f2f0, org.springframework.security.web.authentication.AnonymousAuthenticationFilter@1618c94e, org.springframework.security.web.session.SessionManagementFilter@7ebf1178, org.springframework.security.web.access.ExceptionTranslationFilter@609801af, org.springframework.security.web.access.intercept.FilterSecurityInterceptor@27d63ee2]
2021-08-29 08:25:19,866 INFO org.springframework.boot.devtools.autoconfigure.OptionalLiveReloadServer [restartedMain] LiveReload server is running on port 35729
2021-08-29 08:25:19,896 INFO org.apache.juli.logging.DirectJDKLog [restartedMain] Starting ProtocolHandler ["http-nio-8080"]
2021-08-29 08:25:19,929 INFO org.springframework.boot.web.embedded.tomcat.TomcatWebServer [restartedMain] Tomcat started on port(s): 8080 (http) with context path ''
2021-08-29 08:25:19,956 INFO org.springframework.boot.StartupInfoLogger [restartedMain] Started BtApplication in 6.251 seconds (JVM running for 7.103)
2021-08-29 08:26:12,009 INFO org.springframework.orm.jpa.AbstractEntityManagerFactoryBean [SpringApplicationShutdownHook] Closing JPA EntityManagerFactory for persistence unit 'default'
2021-08-29 08:26:12,017 INFO com.zaxxer.hikari.HikariDataSource [SpringApplicationShutdownHook] HikariPool-1 - Shutdown initiated...
2021-08-29 08:26:12,051 INFO com.zaxxer.hikari.HikariDataSource [SpringApplicationShutdownHook] HikariPool-1 - Shutdown completed.
2021-08-29 08:26:18,488 INFO org.springframework.boot.StartupInfoLogger [restartedMain] Starting BtApplication using Java 1.8.0_292 on hostbooks-Latitude-E7450 with PID 13603 (/home/hostbooks/Storage/Personal/bt-java/target/classes started by hostbooks in /home/hostbooks/Storage/Personal/bt-java)
2021-08-29 08:26:18,493 INFO org.springframework.boot.SpringApplication [restartedMain] No active profile set, falling back to default profiles: default
2021-08-29 08:26:18,673 INFO org.springframework.boot.logging.DeferredLog [restartedMain] Devtools property defaults active! Set 'spring.devtools.add-properties' to 'false' to disable
2021-08-29 08:26:18,673 INFO org.springframework.boot.logging.DeferredLog [restartedMain] For additional web related logging consider setting the 'logging.level.web' property to 'DEBUG'
2021-08-29 08:26:19,930 INFO org.springframework.data.repository.config.RepositoryConfigurationDelegate [restartedMain] Bootstrapping Spring Data JPA repositories in DEFAULT mode.
2021-08-29 08:26:19,948 INFO org.springframework.data.repository.config.RepositoryConfigurationDelegate [restartedMain] Finished Spring Data repository scanning in 6 ms. Found 0 JPA repository interfaces.
2021-08-29 08:26:20,778 INFO org.springframework.boot.web.embedded.tomcat.TomcatWebServer [restartedMain] Tomcat initialized with port(s): 8080 (http)
2021-08-29 08:26:20,791 INFO org.apache.juli.logging.DirectJDKLog [restartedMain] Initializing ProtocolHandler ["http-nio-8080"]
2021-08-29 08:26:20,791 INFO org.apache.juli.logging.DirectJDKLog [restartedMain] Starting service [Tomcat]
2021-08-29 08:26:20,792 INFO org.apache.juli.logging.DirectJDKLog [restartedMain] Starting Servlet engine: [Apache Tomcat/9.0.46]
2021-08-29 08:26:20,884 INFO org.apache.juli.logging.DirectJDKLog [restartedMain] Initializing Spring embedded WebApplicationContext
2021-08-29 08:26:20,884 INFO org.springframework.boot.web.servlet.context.ServletWebServerApplicationContext [restartedMain] Root WebApplicationContext: initialization completed in 2210 ms
2021-08-29 08:26:21,266 INFO com.zaxxer.hikari.HikariDataSource [restartedMain] HikariPool-1 - Starting...
2021-08-29 08:26:21,725 INFO com.zaxxer.hikari.HikariDataSource [restartedMain] HikariPool-1 - Start completed.
2021-08-29 08:26:21,893 INFO org.hibernate.jpa.internal.util.LogHelper [restartedMain] HHH000204: Processing PersistenceUnitInfo [name: default]
2021-08-29 08:26:21,976 INFO org.hibernate.Version [restartedMain] HHH000412: Hibernate ORM core version 5.4.32.Final
2021-08-29 08:26:22,181 INFO org.hibernate.annotations.common.reflection.java.JavaReflectionManager [restartedMain] HCANN000001: Hibernate Commons Annotations {5.1.2.Final}
2021-08-29 08:26:22,367 INFO org.hibernate.dialect.Dialect [restartedMain] HHH000400: Using dialect: org.hibernate.dialect.MySQLDialect
2021-08-29 08:26:22,681 INFO org.hibernate.engine.transaction.jta.platform.internal.JtaPlatformInitiator [restartedMain] HHH000490: Using JtaPlatform implementation: [org.hibernate.engine.transaction.jta.platform.internal.NoJtaPlatform]
2021-08-29 08:26:22,690 INFO org.springframework.orm.jpa.AbstractEntityManagerFactoryBean [restartedMain] Initialized JPA EntityManagerFactory for persistence unit 'default'
2021-08-29 08:26:22,803 WARN org.springframework.boot.autoconfigure.orm.jpa.JpaBaseConfiguration$JpaWebConfiguration [restartedMain] spring.jpa.open-in-view is enabled by default. Therefore, database queries may be performed during view rendering. Explicitly configure spring.jpa.open-in-view to disable this warning
2021-08-29 08:26:23,370 INFO org.springframework.boot.autoconfigure.security.servlet.UserDetailsServiceAutoConfiguration [restartedMain] 

Using generated security password: 62e4a5c7-d42e-4dfe-9382-a3c8e1a3d14a

2021-08-29 08:26:23,574 INFO org.springframework.boot.actuate.endpoint.web.EndpointLinksResolver [restartedMain] Exposing 1 endpoint(s) beneath base path '/actuator'
2021-08-29 08:26:23,607 INFO org.springframework.security.web.DefaultSecurityFilterChain [restartedMain] Will secure any request with [org.springframework.security.web.context.request.async.WebAsyncManagerIntegrationFilter@82a97, org.springframework.security.web.context.SecurityContextPersistenceFilter@5fc3bc9, org.springframework.security.web.header.HeaderWriterFilter@10d4cdee, org.springframework.web.filter.CorsFilter@1df45626, org.springframework.security.web.csrf.CsrfFilter@3f7b1dfa, org.springframework.security.web.authentication.logout.LogoutFilter@7144d13e, org.springframework.security.web.authentication.UsernamePasswordAuthenticationFilter@73aa1143, org.springframework.security.web.authentication.ui.DefaultLoginPageGeneratingFilter@65503e8d, org.springframework.security.web.authentication.ui.DefaultLogoutPageGeneratingFilter@56b20a3a, org.springframework.security.web.authentication.www.BasicAuthenticationFilter@391e5270, org.springframework.security.web.savedrequest.RequestCacheAwareFilter@78021fb4, org.springframework.security.web.servletapi.SecurityContextHolderAwareRequestFilter@48422a5, org.springframework.security.web.authentication.AnonymousAuthenticationFilter@258322b6, org.springframework.security.web.session.SessionManagementFilter@411d6302, org.springframework.security.web.access.ExceptionTranslationFilter@36c38074, org.springframework.security.web.access.intercept.FilterSecurityInterceptor@78de879]
2021-08-29 08:26:23,724 INFO org.springframework.boot.devtools.autoconfigure.OptionalLiveReloadServer [restartedMain] LiveReload server is running on port 35729
2021-08-29 08:26:23,749 INFO org.apache.juli.logging.DirectJDKLog [restartedMain] Starting ProtocolHandler ["http-nio-8080"]
2021-08-29 08:26:23,783 INFO org.springframework.boot.web.embedded.tomcat.TomcatWebServer [restartedMain] Tomcat started on port(s): 8080 (http) with context path ''
2021-08-29 08:26:23,834 INFO org.springframework.boot.StartupInfoLogger [restartedMain] Started BtApplication in 6.156 seconds (JVM running for 6.93)
2021-08-29 08:27:28,710 INFO org.springframework.orm.jpa.AbstractEntityManagerFactoryBean [SpringApplicationShutdownHook] Closing JPA EntityManagerFactory for persistence unit 'default'
2021-08-29 08:27:28,718 INFO com.zaxxer.hikari.HikariDataSource [SpringApplicationShutdownHook] HikariPool-1 - Shutdown initiated...
2021-08-29 08:27:28,731 INFO com.zaxxer.hikari.HikariDataSource [SpringApplicationShutdownHook] HikariPool-1 - Shutdown completed.
2021-08-29 08:27:44,708 ERROR org.springframework.boot.SpringApplication [restartedMain] Application run failed
java.lang.IllegalStateException: java.lang.IllegalStateException: Logback configuration error detected: 
ERROR in ch.qos.logback.core.pattern.parser.Compiler@31f58a59 - There is no conversion class registered for composite conversion word [grey]
ERROR in ch.qos.logback.core.pattern.parser.Compiler@31f58a59 - Failed to create converter for [%grey] keyword
	at org.springframework.boot.context.logging.LoggingApplicationListener.initializeSystem(LoggingApplicationListener.java:328)
	at org.springframework.boot.context.logging.LoggingApplicationListener.initialize(LoggingApplicationListener.java:282)
	at org.springframework.boot.context.logging.LoggingApplicationListener.onApplicationEnvironmentPreparedEvent(LoggingApplicationListener.java:240)
	at org.springframework.boot.context.logging.LoggingApplicationListener.onApplicationEvent(LoggingApplicationListener.java:216)
	at org.springframework.context.event.SimpleApplicationEventMulticaster.doInvokeListener(SimpleApplicationEventMulticaster.java:176)
	at org.springframework.context.event.SimpleApplicationEventMulticaster.invokeListener(SimpleApplicationEventMulticaster.java:169)
	at org.springframework.context.event.SimpleApplicationEventMulticaster.multicastEvent(SimpleApplicationEventMulticaster.java:143)
	at org.springframework.context.event.SimpleApplicationEventMulticaster.multicastEvent(SimpleApplicationEventMulticaster.java:131)
	at org.springframework.boot.context.event.EventPublishingRunListener.environmentPrepared(EventPublishingRunListener.java:82)
	at org.springframework.boot.SpringApplicationRunListeners.lambda$environmentPrepared$2(SpringApplicationRunListeners.java:63)
	at java.util.ArrayList.forEach(ArrayList.java:1259)
	at org.springframework.boot.SpringApplicationRunListeners.doWithListeners(SpringApplicationRunListeners.java:117)
	at org.springframework.boot.SpringApplicationRunListeners.doWithListeners(SpringApplicationRunListeners.java:111)
	at org.springframework.boot.SpringApplicationRunListeners.environmentPrepared(SpringApplicationRunListeners.java:62)
	at org.springframework.boot.SpringApplication.prepareEnvironment(SpringApplication.java:374)
	at org.springframework.boot.SpringApplication.run(SpringApplication.java:332)
	at org.springframework.boot.SpringApplication.run(SpringApplication.java:1343)
	at org.springframework.boot.SpringApplication.run(SpringApplication.java:1332)
	at com.bug.tracker.config.BtApplication.main(BtApplication.java:22)
	at sun.reflect.NativeMethodAccessorImpl.invoke0(Native Method)
	at sun.reflect.NativeMethodAccessorImpl.invoke(NativeMethodAccessorImpl.java:62)
	at sun.reflect.DelegatingMethodAccessorImpl.invoke(DelegatingMethodAccessorImpl.java:43)
	at java.lang.reflect.Method.invoke(Method.java:498)
	at org.springframework.boot.devtools.restart.RestartLauncher.run(RestartLauncher.java:49)
Caused by: java.lang.IllegalStateException: Logback configuration error detected: 
ERROR in ch.qos.logback.core.pattern.parser.Compiler@31f58a59 - There is no conversion class registered for composite conversion word [grey]
ERROR in ch.qos.logback.core.pattern.parser.Compiler@31f58a59 - Failed to create converter for [%grey] keyword
	at org.springframework.boot.logging.logback.LogbackLoggingSystem.loadConfiguration(LogbackLoggingSystem.java:179)
	at org.springframework.boot.logging.AbstractLoggingSystem.initializeWithConventions(AbstractLoggingSystem.java:80)
	at org.springframework.boot.logging.AbstractLoggingSystem.initialize(AbstractLoggingSystem.java:60)
	at org.springframework.boot.logging.logback.LogbackLoggingSystem.initialize(LogbackLoggingSystem.java:132)
	at org.springframework.boot.context.logging.LoggingApplicationListener.initializeSystem(LoggingApplicationListener.java:313)
	... 23 common frames omitted
2021-08-29 08:28:10,931 INFO org.springframework.boot.StartupInfoLogger [restartedMain] Starting BtApplication using Java 1.8.0_292 on hostbooks-Latitude-E7450 with PID 13759 (/home/hostbooks/Storage/Personal/bt-java/target/classes started by hostbooks in /home/hostbooks/Storage/Personal/bt-java)
2021-08-29 08:28:10,935 INFO org.springframework.boot.SpringApplication [restartedMain] No active profile set, falling back to default profiles: default
2021-08-29 08:28:11,089 INFO org.springframework.boot.logging.DeferredLog [restartedMain] Devtools property defaults active! Set 'spring.devtools.add-properties' to 'false' to disable
2021-08-29 08:28:11,099 INFO org.springframework.boot.logging.DeferredLog [restartedMain] For additional web related logging consider setting the 'logging.level.web' property to 'DEBUG'
2021-08-29 08:28:12,232 INFO org.springframework.data.repository.config.RepositoryConfigurationDelegate [restartedMain] Bootstrapping Spring Data JPA repositories in DEFAULT mode.
2021-08-29 08:28:12,255 INFO org.springframework.data.repository.config.RepositoryConfigurationDelegate [restartedMain] Finished Spring Data repository scanning in 13 ms. Found 0 JPA repository interfaces.
2021-08-29 08:28:13,037 INFO org.springframework.boot.web.embedded.tomcat.TomcatWebServer [restartedMain] Tomcat initialized with port(s): 8080 (http)
2021-08-29 08:28:13,053 INFO org.apache.juli.logging.DirectJDKLog [restartedMain] Initializing ProtocolHandler ["http-nio-8080"]
2021-08-29 08:28:13,054 INFO org.apache.juli.logging.DirectJDKLog [restartedMain] Starting service [Tomcat]
2021-08-29 08:28:13,054 INFO org.apache.juli.logging.DirectJDKLog [restartedMain] Starting Servlet engine: [Apache Tomcat/9.0.46]
2021-08-29 08:28:13,152 INFO org.apache.juli.logging.DirectJDKLog [restartedMain] Initializing Spring embedded WebApplicationContext
2021-08-29 08:28:13,153 INFO org.springframework.boot.web.servlet.context.ServletWebServerApplicationContext [restartedMain] Root WebApplicationContext: initialization completed in 2052 ms
2021-08-29 08:28:13,554 INFO com.zaxxer.hikari.HikariDataSource [restartedMain] HikariPool-1 - Starting...
2021-08-29 08:28:13,972 INFO com.zaxxer.hikari.HikariDataSource [restartedMain] HikariPool-1 - Start completed.
2021-08-29 08:28:14,134 INFO org.hibernate.jpa.internal.util.LogHelper [restartedMain] HHH000204: Processing PersistenceUnitInfo [name: default]
2021-08-29 08:28:14,212 INFO org.hibernate.Version [restartedMain] HHH000412: Hibernate ORM core version 5.4.32.Final
2021-08-29 08:28:14,436 INFO org.hibernate.annotations.common.reflection.java.JavaReflectionManager [restartedMain] HCANN000001: Hibernate Commons Annotations {5.1.2.Final}
2021-08-29 08:28:14,603 INFO org.hibernate.dialect.Dialect [restartedMain] HHH000400: Using dialect: org.hibernate.dialect.MySQLDialect
2021-08-29 08:28:14,865 INFO org.hibernate.engine.transaction.jta.platform.internal.JtaPlatformInitiator [restartedMain] HHH000490: Using JtaPlatform implementation: [org.hibernate.engine.transaction.jta.platform.internal.NoJtaPlatform]
2021-08-29 08:28:14,875 INFO org.springframework.orm.jpa.AbstractEntityManagerFactoryBean [restartedMain] Initialized JPA EntityManagerFactory for persistence unit 'default'
2021-08-29 08:28:15,025 WARN org.springframework.boot.autoconfigure.orm.jpa.JpaBaseConfiguration$JpaWebConfiguration [restartedMain] spring.jpa.open-in-view is enabled by default. Therefore, database queries may be performed during view rendering. Explicitly configure spring.jpa.open-in-view to disable this warning
2021-08-29 08:28:15,573 INFO org.springframework.boot.autoconfigure.security.servlet.UserDetailsServiceAutoConfiguration [restartedMain] 

Using generated security password: ae33d8d7-cdb1-4c25-a9d2-4e1dc8169d87

2021-08-29 08:28:15,767 INFO org.springframework.boot.actuate.endpoint.web.EndpointLinksResolver [restartedMain] Exposing 1 endpoint(s) beneath base path '/actuator'
2021-08-29 08:28:15,793 INFO org.springframework.security.web.DefaultSecurityFilterChain [restartedMain] Will secure any request with [org.springframework.security.web.context.request.async.WebAsyncManagerIntegrationFilter@3bc2c82f, org.springframework.security.web.context.SecurityContextPersistenceFilter@6a54fe2f, org.springframework.security.web.header.HeaderWriterFilter@bc2ab51, org.springframework.web.filter.CorsFilter@7ef4569f, org.springframework.security.web.csrf.CsrfFilter@1fb7c610, org.springframework.security.web.authentication.logout.LogoutFilter@527db276, org.springframework.security.web.authentication.UsernamePasswordAuthenticationFilter@a1a4fec, org.springframework.security.web.authentication.ui.DefaultLoginPageGeneratingFilter@3700bc7d, org.springframework.security.web.authentication.ui.DefaultLogoutPageGeneratingFilter@77f33efd, org.springframework.security.web.authentication.www.BasicAuthenticationFilter@b8051c5, org.springframework.security.web.savedrequest.RequestCacheAwareFilter@11833051, org.springframework.security.web.servletapi.SecurityContextHolderAwareRequestFilter@248dfc35, org.springframework.security.web.authentication.AnonymousAuthenticationFilter@6f3b03aa, org.springframework.security.web.session.SessionManagementFilter@4c55c9fe, org.springframework.security.web.access.ExceptionTranslationFilter@d3ffd81, org.springframework.security.web.access.intercept.FilterSecurityInterceptor@20e11aa9]
2021-08-29 08:28:15,911 INFO org.springframework.boot.devtools.autoconfigure.OptionalLiveReloadServer [restartedMain] LiveReload server is running on port 35729
2021-08-29 08:28:15,948 INFO org.apache.juli.logging.DirectJDKLog [restartedMain] Starting ProtocolHandler ["http-nio-8080"]
2021-08-29 08:28:15,973 INFO org.springframework.boot.web.embedded.tomcat.TomcatWebServer [restartedMain] Tomcat started on port(s): 8080 (http) with context path ''
2021-08-29 08:28:16,009 INFO org.springframework.boot.StartupInfoLogger [restartedMain] Started BtApplication in 5.818 seconds (JVM running for 6.614)
2021-08-29 08:31:48,011 INFO org.springframework.orm.jpa.AbstractEntityManagerFactoryBean [SpringApplicationShutdownHook] Closing JPA EntityManagerFactory for persistence unit 'default'
2021-08-29 08:31:48,020 INFO com.zaxxer.hikari.HikariDataSource [SpringApplicationShutdownHook] HikariPool-1 - Shutdown initiated...
2021-08-29 08:31:48,034 INFO com.zaxxer.hikari.HikariDataSource [SpringApplicationShutdownHook] HikariPool-1 - Shutdown completed.
2021-08-29 09:02:56,942 INFO org.springframework.boot.StartupInfoLogger [restartedMain] Starting BtApplication using Java 1.8.0_292 on hostbooks-Latitude-E7450 with PID 15395 (/home/hostbooks/Storage/Personal/bt-java/target/classes started by hostbooks in /home/hostbooks/Storage/Personal/bt-java)
2021-08-29 09:02:56,948 INFO org.springframework.boot.SpringApplication [restartedMain] No active profile set, falling back to default profiles: default
2021-08-29 09:02:57,143 INFO org.springframework.boot.logging.DeferredLog [restartedMain] Devtools property defaults active! Set 'spring.devtools.add-properties' to 'false' to disable
2021-08-29 09:02:57,150 INFO org.springframework.boot.logging.DeferredLog [restartedMain] For additional web related logging consider setting the 'logging.level.web' property to 'DEBUG'
2021-08-29 09:02:58,302 INFO org.springframework.data.repository.config.RepositoryConfigurationDelegate [restartedMain] Bootstrapping Spring Data JPA repositories in DEFAULT mode.
2021-08-29 09:02:58,332 INFO org.springframework.data.repository.config.RepositoryConfigurationDelegate [restartedMain] Finished Spring Data repository scanning in 7 ms. Found 0 JPA repository interfaces.
2021-08-29 09:02:59,202 INFO org.springframework.boot.web.embedded.tomcat.TomcatWebServer [restartedMain] Tomcat initialized with port(s): 8080 (http)
2021-08-29 09:02:59,219 INFO org.apache.juli.logging.DirectJDKLog [restartedMain] Initializing ProtocolHandler ["http-nio-8080"]
2021-08-29 09:02:59,230 INFO org.apache.juli.logging.DirectJDKLog [restartedMain] Starting service [Tomcat]
2021-08-29 09:02:59,232 INFO org.apache.juli.logging.DirectJDKLog [restartedMain] Starting Servlet engine: [Apache Tomcat/9.0.46]
2021-08-29 09:02:59,313 INFO org.apache.juli.logging.DirectJDKLog [restartedMain] Initializing Spring embedded WebApplicationContext
2021-08-29 09:02:59,313 INFO org.springframework.boot.web.servlet.context.ServletWebServerApplicationContext [restartedMain] Root WebApplicationContext: initialization completed in 2162 ms
2021-08-29 09:02:59,692 INFO com.zaxxer.hikari.HikariDataSource [restartedMain] HikariPool-1 - Starting...
2021-08-29 09:03:00,160 INFO com.zaxxer.hikari.HikariDataSource [restartedMain] HikariPool-1 - Start completed.
2021-08-29 09:03:00,306 INFO org.hibernate.jpa.internal.util.LogHelper [restartedMain] HHH000204: Processing PersistenceUnitInfo [name: default]
2021-08-29 09:03:00,414 INFO org.hibernate.Version [restartedMain] HHH000412: Hibernate ORM core version 5.4.32.Final
2021-08-29 09:03:00,628 INFO org.hibernate.annotations.common.reflection.java.JavaReflectionManager [restartedMain] HCANN000001: Hibernate Commons Annotations {5.1.2.Final}
2021-08-29 09:03:00,745 INFO org.hibernate.dialect.Dialect [restartedMain] HHH000400: Using dialect: org.hibernate.dialect.MySQLDialect
2021-08-29 09:03:01,012 INFO org.hibernate.engine.transaction.jta.platform.internal.JtaPlatformInitiator [restartedMain] HHH000490: Using JtaPlatform implementation: [org.hibernate.engine.transaction.jta.platform.internal.NoJtaPlatform]
2021-08-29 09:03:01,023 INFO org.springframework.orm.jpa.AbstractEntityManagerFactoryBean [restartedMain] Initialized JPA EntityManagerFactory for persistence unit 'default'
2021-08-29 09:03:01,163 WARN org.springframework.boot.autoconfigure.orm.jpa.JpaBaseConfiguration$JpaWebConfiguration [restartedMain] spring.jpa.open-in-view is enabled by default. Therefore, database queries may be performed during view rendering. Explicitly configure spring.jpa.open-in-view to disable this warning
2021-08-29 09:03:01,627 INFO org.springframework.boot.autoconfigure.security.servlet.UserDetailsServiceAutoConfiguration [restartedMain] 

Using generated security password: 6f05c953-f773-4792-9f33-75717545a85d

2021-08-29 09:03:01,773 INFO org.springframework.boot.actuate.endpoint.web.EndpointLinksResolver [restartedMain] Exposing 1 endpoint(s) beneath base path '/actuator'
2021-08-29 09:03:01,792 INFO org.springframework.security.web.DefaultSecurityFilterChain [restartedMain] Will secure any request with [org.springframework.security.web.context.request.async.WebAsyncManagerIntegrationFilter@47aeb3e0, org.springframework.security.web.context.SecurityContextPersistenceFilter@4c6d5c4f, org.springframework.security.web.header.HeaderWriterFilter@59850e5a, org.springframework.web.filter.CorsFilter@4b29974d, org.springframework.security.web.csrf.CsrfFilter@1ff8a944, org.springframework.security.web.authentication.logout.LogoutFilter@2d2ffc2f, org.springframework.security.web.authentication.UsernamePasswordAuthenticationFilter@2854927, org.springframework.security.web.authentication.ui.DefaultLoginPageGeneratingFilter@65c83721, org.springframework.security.web.authentication.ui.DefaultLogoutPageGeneratingFilter@6078e4ca, org.springframework.security.web.authentication.www.BasicAuthenticationFilter@477d80f2, org.springframework.security.web.savedrequest.RequestCacheAwareFilter@3b325576, org.springframework.security.web.servletapi.SecurityContextHolderAwareRequestFilter@7a4f02ab, org.springframework.security.web.authentication.AnonymousAuthenticationFilter@42441e42, org.springframework.security.web.session.SessionManagementFilter@163ab8d9, org.springframework.security.web.access.ExceptionTranslationFilter@36880dda, org.springframework.security.web.access.intercept.FilterSecurityInterceptor@30730fa4]
2021-08-29 09:03:01,899 INFO org.springframework.boot.devtools.autoconfigure.OptionalLiveReloadServer [restartedMain] LiveReload server is running on port 35729
2021-08-29 09:03:01,927 INFO org.apache.juli.logging.DirectJDKLog [restartedMain] Starting ProtocolHandler ["http-nio-8080"]
2021-08-29 09:03:01,953 INFO org.springframework.boot.web.embedded.tomcat.TomcatWebServer [restartedMain] Tomcat started on port(s): 8080 (http) with context path ''
2021-08-29 09:03:01,977 INFO org.springframework.boot.StartupInfoLogger [restartedMain] Started BtApplication in 5.789 seconds (JVM running for 6.581)
2021-08-29 09:42:20,152 INFO org.apache.juli.logging.DirectJDKLog [http-nio-8080-exec-2] Initializing Spring DispatcherServlet 'dispatcherServlet'
2021-08-29 09:42:20,155 INFO org.springframework.web.servlet.FrameworkServlet [http-nio-8080-exec-2] Initializing Servlet 'dispatcherServlet'
2021-08-29 09:42:20,157 INFO org.springframework.web.servlet.FrameworkServlet [http-nio-8080-exec-2] Completed initialization in 1 ms
2021-08-29 09:43:23,786 INFO org.springframework.orm.jpa.AbstractEntityManagerFactoryBean [SpringApplicationShutdownHook] Closing JPA EntityManagerFactory for persistence unit 'default'
2021-08-29 09:43:23,796 INFO com.zaxxer.hikari.HikariDataSource [SpringApplicationShutdownHook] HikariPool-1 - Shutdown initiated...
2021-08-29 09:43:23,807 INFO com.zaxxer.hikari.HikariDataSource [SpringApplicationShutdownHook] HikariPool-1 - Shutdown completed.
2021-08-29 09:43:31,975 INFO org.springframework.boot.StartupInfoLogger [restartedMain] Starting BtApplication using Java 1.8.0_292 on hostbooks-Latitude-E7450 with PID 16853 (/home/hostbooks/Storage/Personal/bt-java/target/classes started by hostbooks in /home/hostbooks/Storage/Personal/bt-java)
2021-08-29 09:43:31,979 INFO org.springframework.boot.SpringApplication [restartedMain] No active profile set, falling back to default profiles: default
2021-08-29 09:43:32,153 INFO org.springframework.boot.logging.DeferredLog [restartedMain] Devtools property defaults active! Set 'spring.devtools.add-properties' to 'false' to disable
2021-08-29 09:43:32,154 INFO org.springframework.boot.logging.DeferredLog [restartedMain] For additional web related logging consider setting the 'logging.level.web' property to 'DEBUG'
2021-08-29 09:43:33,905 INFO org.springframework.data.repository.config.RepositoryConfigurationDelegate [restartedMain] Bootstrapping Spring Data JPA repositories in DEFAULT mode.
2021-08-29 09:43:33,923 INFO org.springframework.data.repository.config.RepositoryConfigurationDelegate [restartedMain] Finished Spring Data repository scanning in 8 ms. Found 0 JPA repository interfaces.
2021-08-29 09:43:34,893 INFO org.springframework.boot.web.embedded.tomcat.TomcatWebServer [restartedMain] Tomcat initialized with port(s): 8080 (http)
2021-08-29 09:43:34,907 INFO org.apache.juli.logging.DirectJDKLog [restartedMain] Initializing ProtocolHandler ["http-nio-8080"]
2021-08-29 09:43:34,908 INFO org.apache.juli.logging.DirectJDKLog [restartedMain] Starting service [Tomcat]
2021-08-29 09:43:34,908 INFO org.apache.juli.logging.DirectJDKLog [restartedMain] Starting Servlet engine: [Apache Tomcat/9.0.46]
2021-08-29 09:43:35,050 INFO org.apache.juli.logging.DirectJDKLog [restartedMain] Initializing Spring embedded WebApplicationContext
2021-08-29 09:43:35,051 INFO org.springframework.boot.web.servlet.context.ServletWebServerApplicationContext [restartedMain] Root WebApplicationContext: initialization completed in 2896 ms
2021-08-29 09:43:35,491 INFO com.zaxxer.hikari.HikariDataSource [restartedMain] HikariPool-1 - Starting...
2021-08-29 09:43:36,024 INFO com.zaxxer.hikari.HikariDataSource [restartedMain] HikariPool-1 - Start completed.
2021-08-29 09:43:36,221 INFO org.hibernate.jpa.internal.util.LogHelper [restartedMain] HHH000204: Processing PersistenceUnitInfo [name: default]
2021-08-29 09:43:36,399 INFO org.hibernate.Version [restartedMain] HHH000412: Hibernate ORM core version 5.4.32.Final
2021-08-29 09:43:36,639 INFO org.hibernate.annotations.common.reflection.java.JavaReflectionManager [restartedMain] HCANN000001: Hibernate Commons Annotations {5.1.2.Final}
2021-08-29 09:43:36,795 INFO org.hibernate.dialect.Dialect [restartedMain] HHH000400: Using dialect: org.hibernate.dialect.MySQLDialect
2021-08-29 09:43:37,106 INFO org.hibernate.engine.transaction.jta.platform.internal.JtaPlatformInitiator [restartedMain] HHH000490: Using JtaPlatform implementation: [org.hibernate.engine.transaction.jta.platform.internal.NoJtaPlatform]
2021-08-29 09:43:37,118 INFO org.springframework.orm.jpa.AbstractEntityManagerFactoryBean [restartedMain] Initialized JPA EntityManagerFactory for persistence unit 'default'
2021-08-29 09:43:37,292 WARN org.springframework.boot.autoconfigure.orm.jpa.JpaBaseConfiguration$JpaWebConfiguration [restartedMain] spring.jpa.open-in-view is enabled by default. Therefore, database queries may be performed during view rendering. Explicitly configure spring.jpa.open-in-view to disable this warning
2021-08-29 09:43:37,944 INFO org.springframework.boot.autoconfigure.security.servlet.UserDetailsServiceAutoConfiguration [restartedMain] 

Using generated security password: 40d85e73-60b7-429f-8f3e-d391d68fa6ab

2021-08-29 09:43:38,152 INFO org.springframework.boot.actuate.endpoint.web.EndpointLinksResolver [restartedMain] Exposing 1 endpoint(s) beneath base path '/actuator'
2021-08-29 09:43:38,178 INFO org.springframework.security.web.DefaultSecurityFilterChain [restartedMain] Will secure any request with [org.springframework.security.web.context.request.async.WebAsyncManagerIntegrationFilter@1e08bb23, org.springframework.security.web.context.SecurityContextPersistenceFilter@14b559d7, org.springframework.security.web.header.HeaderWriterFilter@6825ece7, org.springframework.web.filter.CorsFilter@2b50a2f1, org.springframework.security.web.csrf.CsrfFilter@5bded7a3, org.springframework.security.web.authentication.logout.LogoutFilter@3cb7b494, org.springframework.security.web.authentication.UsernamePasswordAuthenticationFilter@7ee67671, org.springframework.security.web.authentication.ui.DefaultLoginPageGeneratingFilter@711e138d, org.springframework.security.web.authentication.ui.DefaultLogoutPageGeneratingFilter@1f732bf2, org.springframework.security.web.authentication.www.BasicAuthenticationFilter@74480bf2, org.springframework.security.web.savedrequest.RequestCacheAwareFilter@71fe7539, org.springframework.security.web.servletapi.SecurityContextHolderAwareRequestFilter@345aff21, org.springframework.security.web.authentication.AnonymousAuthenticationFilter@b2d0745, org.springframework.security.web.session.SessionManagementFilter@5d3c202c, org.springframework.security.web.access.ExceptionTranslationFilter@4f21206d, org.springframework.security.web.access.intercept.FilterSecurityInterceptor@73153807]
2021-08-29 09:43:38,283 INFO org.springframework.boot.devtools.autoconfigure.OptionalLiveReloadServer [restartedMain] LiveReload server is running on port 35729
2021-08-29 09:43:38,307 INFO org.apache.juli.logging.DirectJDKLog [restartedMain] Starting ProtocolHandler ["http-nio-8080"]
2021-08-29 09:43:38,336 INFO org.springframework.boot.web.embedded.tomcat.TomcatWebServer [restartedMain] Tomcat started on port(s): 8080 (http) with context path ''
2021-08-29 09:43:38,363 INFO org.springframework.boot.StartupInfoLogger [restartedMain] Started BtApplication in 7.296 seconds (JVM running for 8.287)
2021-08-29 09:44:24,637 INFO org.apache.juli.logging.DirectJDKLog [http-nio-8080-exec-2] Initializing Spring DispatcherServlet 'dispatcherServlet'
2021-08-29 09:44:24,637 INFO org.springframework.web.servlet.FrameworkServlet [http-nio-8080-exec-2] Initializing Servlet 'dispatcherServlet'
2021-08-29 09:44:24,639 INFO org.springframework.web.servlet.FrameworkServlet [http-nio-8080-exec-2] Completed initialization in 1 ms
2021-08-29 09:48:36,370 INFO org.springframework.orm.jpa.AbstractEntityManagerFactoryBean [SpringApplicationShutdownHook] Closing JPA EntityManagerFactory for persistence unit 'default'
2021-08-29 09:48:36,377 INFO com.zaxxer.hikari.HikariDataSource [SpringApplicationShutdownHook] HikariPool-1 - Shutdown initiated...
2021-08-29 09:48:36,417 INFO com.zaxxer.hikari.HikariDataSource [SpringApplicationShutdownHook] HikariPool-1 - Shutdown completed.
2021-08-29 09:48:40,285 INFO org.springframework.boot.StartupInfoLogger [restartedMain] Starting BtApplication using Java 1.8.0_292 on hostbooks-Latitude-E7450 with PID 17223 (/home/hostbooks/Storage/Personal/bt-java/target/classes started by hostbooks in /home/hostbooks/Storage/Personal/bt-java)
2021-08-29 09:48:40,290 INFO org.springframework.boot.SpringApplication [restartedMain] No active profile set, falling back to default profiles: default
2021-08-29 09:48:40,411 INFO org.springframework.boot.logging.DeferredLog [restartedMain] Devtools property defaults active! Set 'spring.devtools.add-properties' to 'false' to disable
2021-08-29 09:48:40,413 INFO org.springframework.boot.logging.DeferredLog [restartedMain] For additional web related logging consider setting the 'logging.level.web' property to 'DEBUG'
2021-08-29 09:48:41,817 INFO org.springframework.data.repository.config.RepositoryConfigurationDelegate [restartedMain] Bootstrapping Spring Data JPA repositories in DEFAULT mode.
2021-08-29 09:48:41,837 INFO org.springframework.data.repository.config.RepositoryConfigurationDelegate [restartedMain] Finished Spring Data repository scanning in 8 ms. Found 0 JPA repository interfaces.
2021-08-29 09:48:42,833 INFO org.springframework.boot.web.embedded.tomcat.TomcatWebServer [restartedMain] Tomcat initialized with port(s): 8080 (http)
2021-08-29 09:48:42,852 INFO org.apache.juli.logging.DirectJDKLog [restartedMain] Initializing ProtocolHandler ["http-nio-8080"]
2021-08-29 09:48:42,853 INFO org.apache.juli.logging.DirectJDKLog [restartedMain] Starting service [Tomcat]
2021-08-29 09:48:42,854 INFO org.apache.juli.logging.DirectJDKLog [restartedMain] Starting Servlet engine: [Apache Tomcat/9.0.46]
2021-08-29 09:48:42,990 INFO org.apache.juli.logging.DirectJDKLog [restartedMain] Initializing Spring embedded WebApplicationContext
2021-08-29 09:48:42,991 INFO org.springframework.boot.web.servlet.context.ServletWebServerApplicationContext [restartedMain] Root WebApplicationContext: initialization completed in 2576 ms
2021-08-29 09:48:43,451 INFO com.zaxxer.hikari.HikariDataSource [restartedMain] HikariPool-1 - Starting...
2021-08-29 09:48:43,967 INFO com.zaxxer.hikari.HikariDataSource [restartedMain] HikariPool-1 - Start completed.
2021-08-29 09:48:44,161 INFO org.hibernate.jpa.internal.util.LogHelper [restartedMain] HHH000204: Processing PersistenceUnitInfo [name: default]
2021-08-29 09:48:44,258 INFO org.hibernate.Version [restartedMain] HHH000412: Hibernate ORM core version 5.4.32.Final
2021-08-29 09:48:44,500 INFO org.hibernate.annotations.common.reflection.java.JavaReflectionManager [restartedMain] HCANN000001: Hibernate Commons Annotations {5.1.2.Final}
2021-08-29 09:48:44,684 INFO org.hibernate.dialect.Dialect [restartedMain] HHH000400: Using dialect: org.hibernate.dialect.MySQLDialect
2021-08-29 09:48:44,994 INFO org.hibernate.engine.transaction.jta.platform.internal.JtaPlatformInitiator [restartedMain] HHH000490: Using JtaPlatform implementation: [org.hibernate.engine.transaction.jta.platform.internal.NoJtaPlatform]
2021-08-29 09:48:45,005 INFO org.springframework.orm.jpa.AbstractEntityManagerFactoryBean [restartedMain] Initialized JPA EntityManagerFactory for persistence unit 'default'
2021-08-29 09:48:45,172 WARN org.springframework.boot.autoconfigure.orm.jpa.JpaBaseConfiguration$JpaWebConfiguration [restartedMain] spring.jpa.open-in-view is enabled by default. Therefore, database queries may be performed during view rendering. Explicitly configure spring.jpa.open-in-view to disable this warning
2021-08-29 09:48:45,829 INFO org.springframework.boot.autoconfigure.security.servlet.UserDetailsServiceAutoConfiguration [restartedMain] 

Using generated security password: db94116c-eb9c-44a4-8491-fc8e8945fb5c

2021-08-29 09:48:46,090 INFO org.springframework.boot.actuate.endpoint.web.EndpointLinksResolver [restartedMain] Exposing 1 endpoint(s) beneath base path '/actuator'
2021-08-29 09:48:46,115 INFO org.springframework.security.web.DefaultSecurityFilterChain [restartedMain] Will secure any request with [org.springframework.security.web.context.request.async.WebAsyncManagerIntegrationFilter@5f054c3d, org.springframework.security.web.context.SecurityContextPersistenceFilter@1f68ae91, org.springframework.security.web.header.HeaderWriterFilter@11e73c6d, org.springframework.web.filter.CorsFilter@6158c5c3, org.springframework.security.web.csrf.CsrfFilter@d3ffd81, org.springframework.security.web.authentication.logout.LogoutFilter@5fab047c, org.springframework.security.web.authentication.UsernamePasswordAuthenticationFilter@70631a4b, org.springframework.security.web.authentication.ui.DefaultLoginPageGeneratingFilter@5ed36533, org.springframework.security.web.authentication.ui.DefaultLogoutPageGeneratingFilter@6bc4b30f, org.springframework.security.web.authentication.www.BasicAuthenticationFilter@3f36b40b, org.springframework.security.web.savedrequest.RequestCacheAwareFilter@3dc8b495, org.springframework.security.web.servletapi.SecurityContextHolderAwareRequestFilter@527db276, org.springframework.security.web.authentication.AnonymousAuthenticationFilter@aa239d5, org.springframework.security.web.session.SessionManagementFilter@63a19b8a, org.springframework.security.web.access.ExceptionTranslationFilter@1b8cb721, org.springframework.security.web.access.intercept.FilterSecurityInterceptor@4cf48acd]
2021-08-29 09:48:46,239 INFO org.springframework.boot.devtools.autoconfigure.OptionalLiveReloadServer [restartedMain] LiveReload server is running on port 35729
2021-08-29 09:48:46,268 INFO org.apache.juli.logging.DirectJDKLog [restartedMain] Starting ProtocolHandler ["http-nio-8080"]
2021-08-29 09:48:46,295 INFO org.springframework.boot.web.embedded.tomcat.TomcatWebServer [restartedMain] Tomcat started on port(s): 8080 (http) with context path ''
2021-08-29 09:48:46,330 INFO org.springframework.boot.StartupInfoLogger [restartedMain] Started BtApplication in 6.94 seconds (JVM running for 7.783)
2021-08-29 09:49:34,076 INFO org.apache.juli.logging.DirectJDKLog [http-nio-8080-exec-2] Initializing Spring DispatcherServlet 'dispatcherServlet'
2021-08-29 09:49:34,076 INFO org.springframework.web.servlet.FrameworkServlet [http-nio-8080-exec-2] Initializing Servlet 'dispatcherServlet'
2021-08-29 09:49:34,078 INFO org.springframework.web.servlet.FrameworkServlet [http-nio-8080-exec-2] Completed initialization in 2 ms
2021-08-29 10:00:05,329 INFO org.springframework.orm.jpa.AbstractEntityManagerFactoryBean [SpringApplicationShutdownHook] Closing JPA EntityManagerFactory for persistence unit 'default'
2021-08-29 10:00:05,335 INFO com.zaxxer.hikari.HikariDataSource [SpringApplicationShutdownHook] HikariPool-1 - Shutdown initiated...
2021-08-29 10:00:05,351 INFO com.zaxxer.hikari.HikariDataSource [SpringApplicationShutdownHook] HikariPool-1 - Shutdown completed.
2021-08-29 10:00:22,321 INFO org.springframework.boot.StartupInfoLogger [restartedMain] Starting BtApplication using Java 1.8.0_292 on hostbooks-Latitude-E7450 with PID 18192 (/home/hostbooks/Storage/Personal/bt-java/target/classes started by hostbooks in /home/hostbooks/Storage/Personal/bt-java)
2021-08-29 10:00:22,325 INFO org.springframework.boot.SpringApplication [restartedMain] No active profile set, falling back to default profiles: default
2021-08-29 10:00:22,420 INFO org.springframework.boot.logging.DeferredLog [restartedMain] Devtools property defaults active! Set 'spring.devtools.add-properties' to 'false' to disable
2021-08-29 10:00:22,420 INFO org.springframework.boot.logging.DeferredLog [restartedMain] For additional web related logging consider setting the 'logging.level.web' property to 'DEBUG'
2021-08-29 10:00:23,562 INFO org.springframework.data.repository.config.RepositoryConfigurationDelegate [restartedMain] Bootstrapping Spring Data JPA repositories in DEFAULT mode.
2021-08-29 10:00:23,581 INFO org.springframework.data.repository.config.RepositoryConfigurationDelegate [restartedMain] Finished Spring Data repository scanning in 8 ms. Found 0 JPA repository interfaces.
2021-08-29 10:00:24,448 INFO org.springframework.boot.web.embedded.tomcat.TomcatWebServer [restartedMain] Tomcat initialized with port(s): 8080 (http)
2021-08-29 10:00:24,461 INFO org.apache.juli.logging.DirectJDKLog [restartedMain] Initializing ProtocolHandler ["http-nio-8080"]
2021-08-29 10:00:24,461 INFO org.apache.juli.logging.DirectJDKLog [restartedMain] Starting service [Tomcat]
2021-08-29 10:00:24,462 INFO org.apache.juli.logging.DirectJDKLog [restartedMain] Starting Servlet engine: [Apache Tomcat/9.0.46]
2021-08-29 10:00:24,567 INFO org.apache.juli.logging.DirectJDKLog [restartedMain] Initializing Spring embedded WebApplicationContext
2021-08-29 10:00:24,567 INFO org.springframework.boot.web.servlet.context.ServletWebServerApplicationContext [restartedMain] Root WebApplicationContext: initialization completed in 2146 ms
2021-08-29 10:00:24,963 INFO com.zaxxer.hikari.HikariDataSource [restartedMain] HikariPool-1 - Starting...
2021-08-29 10:00:25,318 INFO com.zaxxer.hikari.HikariDataSource [restartedMain] HikariPool-1 - Start completed.
2021-08-29 10:00:25,445 INFO org.hibernate.jpa.internal.util.LogHelper [restartedMain] HHH000204: Processing PersistenceUnitInfo [name: default]
2021-08-29 10:00:25,542 INFO org.hibernate.Version [restartedMain] HHH000412: Hibernate ORM core version 5.4.32.Final
2021-08-29 10:00:25,751 INFO org.hibernate.annotations.common.reflection.java.JavaReflectionManager [restartedMain] HCANN000001: Hibernate Commons Annotations {5.1.2.Final}
2021-08-29 10:00:25,884 INFO org.hibernate.dialect.Dialect [restartedMain] HHH000400: Using dialect: org.hibernate.dialect.MySQLDialect
2021-08-29 10:00:26,153 INFO org.hibernate.engine.transaction.jta.platform.internal.JtaPlatformInitiator [restartedMain] HHH000490: Using JtaPlatform implementation: [org.hibernate.engine.transaction.jta.platform.internal.NoJtaPlatform]
2021-08-29 10:00:26,164 INFO org.springframework.orm.jpa.AbstractEntityManagerFactoryBean [restartedMain] Initialized JPA EntityManagerFactory for persistence unit 'default'
2021-08-29 10:00:26,301 WARN org.springframework.boot.autoconfigure.orm.jpa.JpaBaseConfiguration$JpaWebConfiguration [restartedMain] spring.jpa.open-in-view is enabled by default. Therefore, database queries may be performed during view rendering. Explicitly configure spring.jpa.open-in-view to disable this warning
2021-08-29 10:00:26,871 INFO org.springframework.boot.devtools.autoconfigure.OptionalLiveReloadServer [restartedMain] LiveReload server is running on port 35729
2021-08-29 10:00:26,882 INFO org.springframework.boot.actuate.endpoint.web.EndpointLinksResolver [restartedMain] Exposing 1 endpoint(s) beneath base path '/actuator'
2021-08-29 10:00:26,922 INFO org.apache.juli.logging.DirectJDKLog [restartedMain] Starting ProtocolHandler ["http-nio-8080"]
2021-08-29 10:00:26,950 INFO org.springframework.boot.web.embedded.tomcat.TomcatWebServer [restartedMain] Tomcat started on port(s): 8080 (http) with context path ''
2021-08-29 10:00:26,974 INFO org.springframework.boot.StartupInfoLogger [restartedMain] Started BtApplication in 5.49 seconds (JVM running for 6.436)
2021-08-29 10:00:41,535 INFO org.apache.juli.logging.DirectJDKLog [http-nio-8080-exec-2] Initializing Spring DispatcherServlet 'dispatcherServlet'
2021-08-29 10:00:41,536 INFO org.springframework.web.servlet.FrameworkServlet [http-nio-8080-exec-2] Initializing Servlet 'dispatcherServlet'
2021-08-29 10:00:41,539 INFO org.springframework.web.servlet.FrameworkServlet [http-nio-8080-exec-2] Completed initialization in 2 ms
2021-08-29 10:02:20,945 INFO org.springframework.orm.jpa.AbstractEntityManagerFactoryBean [SpringApplicationShutdownHook] Closing JPA EntityManagerFactory for persistence unit 'default'
2021-08-29 10:02:20,951 INFO com.zaxxer.hikari.HikariDataSource [SpringApplicationShutdownHook] HikariPool-1 - Shutdown initiated...
2021-08-29 10:02:20,979 INFO com.zaxxer.hikari.HikariDataSource [SpringApplicationShutdownHook] HikariPool-1 - Shutdown completed.
